# JRE version: Java(TM) SE Runtime Environment (9.0+11) (build 9.0.4+11)
# Java VM: Java HotSpot(TM) 64-Bit Server VM (9.0.4+11, mixed mode, tiered, compressed oops, g1 gc, linux-amd64)
Heap:
 garbage-first heap   total 524288K, used 47071K [0x00000006c0000000, 0x00000006c0101000, 0x00000007c0000000)
  region size 1024K, 11 young (11264K), 8 survivors (8192K)
 Metaspace       used 20228K, capacity 21644K, committed 21888K, reserved 1069056K
  class space    used 1944K, capacity 2340K, committed 2432K, reserved 1048576K
GC Heap History (10 events):
Event: 30.785 GC heap before
{Heap before GC invocations=4 (full 0):
 garbage-first heap   total 524288K, used 87833K [0x00000006c0000000, 0x00000006c0101000, 0x00000007c0000000)
  region size 1024K, 65 young (66560K), 7 survivors (7168K)
 Metaspace       used 13486K, capacity 13798K, committed 13952K, reserved 1062912K
  class space    used 1291K, capacity 1351K, committed 1408K, reserved 1048576K
}
Event: 30.803 GC heap after
{Heap after GC invocations=5 (full 0):
 garbage-first heap   total 524288K, used 55812K [0x00000006c0000000, 0x00000006c0101000, 0x00000007c0000000)
  region size 1024K, 9 young (9216K), 9 survivors (9216K)
 Metaspace       used 13486K, capacity 13798K, committed 13952K, reserved 1062912K
  class space    used 1291K, capacity 1351K, committed 1408K, reserved 1048576K
}
Event: 31.055 GC heap before
{Heap before GC invocations=5 (full 0):
 garbage-first heap   total 524288K, used 79364K [0x00000006c0000000, 0x00000006c0101000, 0x00000007c0000000)
  region size 1024K, 32 young (32768K), 9 survivors (9216K)
 Metaspace       used 13976K, capacity 14480K, committed 14592K, reserved 1062912K
  class space    used 1335K, capacity 1469K, committed 1536K, reserved 1048576K
}
Event: 31.062 GC heap after
{Heap after GC invocations=6 (full 0):
 garbage-first heap   total 524288K, used 51968K [0x00000006c0000000, 0x00000006c0101000, 0x00000007c0000000)
  region size 1024K, 3 young (3072K), 3 survivors (3072K)
 Metaspace       used 13976K, capacity 14480K, committed 14592K, reserved 1062912K
  class space    used 1335K, capacity 1469K, committed 1536K, reserved 1048576K
}
Event: 35.803 GC heap before
{Heap before GC invocations=6 (full 0):
 garbage-first heap   total 524288K, used 130816K [0x00000006c0000000, 0x00000006c0101000, 0x00000007c0000000)
  region size 1024K, 79 young (80896K), 3 survivors (3072K)
 Metaspace       used 17655K, capacity 18742K, committed 18944K, reserved 1067008K
  class space    used 1697K, capacity 1968K, committed 2048K, reserved 1048576K
}
Event: 35.816 GC heap after
{Heap after GC invocations=7 (full 0):
 garbage-first heap   total 524288K, used 67903K [0x00000006c0000000, 0x00000006c0101000, 0x00000007c0000000)
  region size 1024K, 10 young (10240K), 10 survivors (10240K)
 Metaspace       used 17655K, capacity 18742K, committed 18944K, reserved 1067008K
  class space    used 1697K, capacity 1968K, committed 2048K, reserved 1048576K
}
Event: 36.680 GC heap before
{Heap before GC invocations=7 (full 0):
 garbage-first heap   total 524288K, used 108863K [0x00000006c0000000, 0x00000006c0101000, 0x00000007c0000000)
  region size 1024K, 50 young (51200K), 10 survivors (10240K)
 Metaspace       used 18459K, capacity 19628K, committed 19840K, reserved 1067008K
  class space    used 1765K, capacity 2092K, committed 2176K, reserved 1048576K
}
Event: 36.700 GC heap after
{Heap after GC invocations=8 (full 0):
 garbage-first heap   total 524288K, used 73178K [0x00000006c0000000, 0x00000006c0101000, 0x00000007c0000000)
  region size 1024K, 5 young (5120K), 5 survivors (5120K)
 Metaspace       used 18459K, capacity 19628K, committed 19840K, reserved 1067008K
  class space    used 1765K, capacity 2092K, committed 2176K, reserved 1048576K
}
Event: 39.585 GC heap before
{Heap before GC invocations=8 (full 0):
 garbage-first heap   total 524288K, used 132570K [0x00000006c0000000, 0x00000006c0101000, 0x00000007c0000000)
  region size 1024K, 64 young (65536K), 5 survivors (5120K)
 Metaspace       used 19786K, capacity 21186K, committed 21248K, reserved 1069056K
  class space    used 1890K, capacity 2298K, committed 2304K, reserved 1048576K
}
Event: 39.590 GC heap after
{Heap after GC invocations=9 (full 0):
 garbage-first heap   total 524288K, used 75743K [0x00000006c0000000, 0x00000006c0101000, 0x00000007c0000000)
  region size 1024K, 8 young (8192K), 8 survivors (8192K)
 Metaspace       used 19786K, capacity 21186K, committed 21248K, reserved 1069056K
  class space    used 1890K, capacity 2298K, committed 2304K, reserved 1048576K
}

