# JRE version: Java(TM) SE Runtime Environment (9.0+11) (build 9.0.4+11)
# Java VM: Java HotSpot(TM) 64-Bit Server VM (9.0.4+11, mixed mode, tiered, compressed oops, g1 gc, linux-amd64)
Heap:
 garbage-first heap   total 524288K, used 41402K [0x00000006c0000000, 0x00000006c0101000, 0x00000007c0000000)
  region size 1024K, 7 young (7168K), 6 survivors (6144K)
 Metaspace       used 20010K, capacity 21436K, committed 21628K, reserved 1069056K
  class space    used 1935K, capacity 2338K, committed 2428K, reserved 1048576K
GC Heap History (10 events):
Event: 5.292 GC heap before
{Heap before GC invocations=3 (full 0):
 garbage-first heap   total 524288K, used 66000K [0x00000006c0000000, 0x00000006c0101000, 0x00000007c0000000)
  region size 1024K, 51 young (52224K), 4 survivors (4096K)
 Metaspace       used 13184K, capacity 13542K, committed 13696K, reserved 1060864K
  class space    used 1284K, capacity 1351K, committed 1408K, reserved 1048576K
}
Event: 5.299 GC heap after
{Heap after GC invocations=4 (full 0):
 garbage-first heap   total 524288K, used 25963K [0x00000006c0000000, 0x00000006c0101000, 0x00000007c0000000)
  region size 1024K, 7 young (7168K), 7 survivors (7168K)
 Metaspace       used 13184K, capacity 13542K, committed 13696K, reserved 1060864K
  class space    used 1284K, capacity 1351K, committed 1408K, reserved 1048576K
}
Event: 5.686 GC heap before
{Heap before GC invocations=4 (full 0):
 garbage-first heap   total 524288K, used 88427K [0x00000006c0000000, 0x00000006c0101000, 0x00000007c0000000)
  region size 1024K, 68 young (69632K), 7 survivors (7168K)
 Metaspace       used 13497K, capacity 13798K, committed 13952K, reserved 1062912K
  class space    used 1291K, capacity 1351K, committed 1408K, reserved 1048576K
}
Event: 5.706 GC heap after
{Heap after GC invocations=5 (full 0):
 garbage-first heap   total 524288K, used 54528K [0x00000006c0000000, 0x00000006c0101000, 0x00000007c0000000)
  region size 1024K, 9 young (9216K), 9 survivors (9216K)
 Metaspace       used 13497K, capacity 13798K, committed 13952K, reserved 1062912K
  class space    used 1291K, capacity 1351K, committed 1408K, reserved 1048576K
}
Event: 5.864 GC heap before
{Heap before GC invocations=5 (full 0):
 garbage-first heap   total 524288K, used 80128K [0x00000006c0000000, 0x00000006c0101000, 0x00000007c0000000)
  region size 1024K, 34 young (34816K), 9 survivors (9216K)
 Metaspace       used 14533K, capacity 15182K, committed 15360K, reserved 1062912K
  class space    used 1391K, capacity 1511K, committed 1536K, reserved 1048576K
}
Event: 5.875 GC heap after
{Heap after GC invocations=6 (full 0):
 garbage-first heap   total 524288K, used 52975K [0x00000006c0000000, 0x00000006c0101000, 0x00000007c0000000)
  region size 1024K, 4 young (4096K), 4 survivors (4096K)
 Metaspace       used 14533K, capacity 15182K, committed 15360K, reserved 1062912K
  class space    used 1391K, capacity 1511K, committed 1536K, reserved 1048576K
}
Event: 7.032 GC heap before
{Heap before GC invocations=6 (full 0):
 garbage-first heap   total 524288K, used 125679K [0x00000006c0000000, 0x00000006c0101000, 0x00000007c0000000)
  region size 1024K, 74 young (75776K), 4 survivors (4096K)
 Metaspace       used 17455K, capacity 18522K, committed 18560K, reserved 1067008K
  class space    used 1675K, capacity 1892K, committed 1920K, reserved 1048576K
}
Event: 7.043 GC heap after
{Heap after GC invocations=7 (full 0):
 garbage-first heap   total 524288K, used 67366K [0x00000006c0000000, 0x00000006c0101000, 0x00000007c0000000)
  region size 1024K, 10 young (10240K), 10 survivors (10240K)
 Metaspace       used 17455K, capacity 18522K, committed 18560K, reserved 1067008K
  class space    used 1675K, capacity 1892K, committed 1920K, reserved 1048576K
}
Event: 7.338 GC heap before
{Heap before GC invocations=7 (full 0):
 garbage-first heap   total 524288K, used 78630K [0x00000006c0000000, 0x00000006c0101000, 0x00000007c0000000)
  region size 1024K, 22 young (22528K), 10 survivors (10240K)
 Metaspace       used 19776K, capacity 21194K, committed 21248K, reserved 1069056K
  class space    used 1893K, capacity 2300K, committed 2304K, reserved 1048576K
}
Event: 7.360 GC heap after
{Heap after GC invocations=8 (full 0):
 garbage-first heap   total 524288K, used 72122K [0x00000006c0000000, 0x00000006c0101000, 0x00000007c0000000)
  region size 1024K, 6 young (6144K), 6 survivors (6144K)
 Metaspace       used 19776K, capacity 21194K, committed 21248K, reserved 1069056K
  class space    used 1893K, capacity 2300K, committed 2304K, reserved 1048576K
}

